<?xml version="1.0" encoding="UTF-8"?>
<coverage generated="1586191212823" clover="3.2.0">
  <project timestamp="1586191212823" name="All files">
    <metrics statements="113" coveredstatements="52" conditionals="35" coveredconditionals="4" methods="59" coveredmethods="24" elements="207" coveredelements="80" complexity="0" loc="113" ncloc="113" packages="1" files="3" classes="3"/>
    <file name="AddExpense.jsx" path="/Users/andramataloja/Projects/expense-tracker/client/src/components/AddExpense.jsx">
      <metrics statements="38" coveredstatements="22" conditionals="8" coveredconditionals="3" methods="21" coveredmethods="9"/>
      <line num="32" count="6" type="stmt"/>
      <line num="45" count="2" type="stmt"/>
      <line num="46" count="18" type="stmt"/>
      <line num="47" count="18" type="stmt"/>
      <line num="48" count="16" type="stmt"/>
      <line num="49" count="21" type="stmt"/>
      <line num="50" count="21" type="stmt"/>
      <line num="51" count="16" type="stmt"/>
      <line num="52" count="16" type="stmt"/>
      <line num="53" count="16" type="stmt"/>
      <line num="54" count="16" type="stmt"/>
      <line num="55" count="16" type="stmt"/>
      <line num="60" count="16" type="stmt"/>
      <line num="62" count="32" type="stmt"/>
      <line num="63" count="0" type="stmt"/>
      <line num="66" count="16" type="stmt"/>
      <line num="67" count="0" type="stmt"/>
      <line num="70" count="16" type="stmt"/>
      <line num="71" count="0" type="stmt"/>
      <line num="78" count="0" type="stmt"/>
      <line num="79" count="0" type="stmt"/>
      <line num="82" count="0" type="stmt"/>
      <line num="83" count="0" type="stmt"/>
      <line num="84" count="0" type="stmt"/>
      <line num="89" count="0" type="cond" truecount="0" falsecount="2"/>
      <line num="93" count="0" type="stmt"/>
      <line num="95" count="0" type="stmt"/>
      <line num="98" count="16" type="stmt"/>
      <line num="99" count="5" type="stmt"/>
      <line num="101" count="5" type="cond" truecount="1" falsecount="1"/>
      <line num="102" count="5" type="stmt"/>
      <line num="105" count="16" type="stmt"/>
      <line num="110" count="1" type="stmt"/>
      <line num="118" count="0" type="stmt"/>
      <line num="172" count="0" type="stmt"/>
      <line num="183" count="0" type="stmt"/>
      <line num="188" count="0" type="stmt"/>
      <line num="198" count="0" type="stmt"/>
    </file>
    <file name="DateCarousel.jsx" path="/Users/andramataloja/Projects/expense-tracker/client/src/components/DateCarousel.jsx">
      <metrics statements="24" coveredstatements="21" conditionals="2" coveredconditionals="1" methods="12" coveredmethods="9"/>
      <line num="11" count="2" type="stmt"/>
      <line num="27" count="2" type="stmt"/>
      <line num="28" count="10" type="stmt"/>
      <line num="29" count="10" type="stmt"/>
      <line num="30" count="12" type="stmt"/>
      <line num="31" count="12" type="stmt"/>
      <line num="33" count="10" type="stmt"/>
      <line num="34" count="10" type="stmt"/>
      <line num="36" count="10" type="stmt"/>
      <line num="37" count="2" type="stmt"/>
      <line num="39" count="2" type="cond" truecount="1" falsecount="1"/>
      <line num="40" count="2" type="stmt"/>
      <line num="43" count="10" type="stmt"/>
      <line num="44" count="2" type="stmt"/>
      <line num="45" count="2" type="stmt"/>
      <line num="47" count="2" type="stmt"/>
      <line num="48" count="2" type="stmt"/>
      <line num="49" count="22" type="stmt"/>
      <line num="51" count="2" type="stmt"/>
      <line num="54" count="10" type="stmt"/>
      <line num="70" count="0" type="stmt"/>
      <line num="72" count="66" type="stmt"/>
      <line num="90" count="0" type="stmt"/>
      <line num="92" count="0" type="stmt"/>
    </file>
    <file name="ExpensesExpansion.jsx" path="/Users/andramataloja/Projects/expense-tracker/client/src/components/ExpensesExpansion.jsx">
      <metrics statements="51" coveredstatements="9" conditionals="25" coveredconditionals="0" methods="26" coveredmethods="6"/>
      <line num="34" count="1" type="stmt"/>
      <line num="92" count="1" type="stmt"/>
      <line num="93" count="2" type="stmt"/>
      <line num="94" count="2" type="stmt"/>
      <line num="95" count="2" type="stmt"/>
      <line num="96" count="2" type="stmt"/>
      <line num="97" count="2" type="stmt"/>
      <line num="98" count="2" type="stmt"/>
      <line num="99" count="2" type="stmt"/>
      <line num="100" count="0" type="stmt"/>
      <line num="101" count="0" type="stmt"/>
      <line num="103" count="0" type="stmt"/>
      <line num="105" count="0" type="stmt"/>
      <line num="106" count="0" type="stmt"/>
      <line num="108" count="0" type="cond" truecount="0" falsecount="2"/>
      <line num="111" count="0" type="cond" truecount="0" falsecount="2"/>
      <line num="112" count="0" type="stmt"/>
      <line num="115" count="0" type="stmt"/>
      <line num="116" count="0" type="stmt"/>
      <line num="117" count="0" type="stmt"/>
      <line num="118" count="0" type="stmt"/>
      <line num="120" count="0" type="stmt"/>
      <line num="123" count="0" type="stmt"/>
      <line num="124" count="0" type="stmt"/>
      <line num="129" count="0" type="cond" truecount="0" falsecount="2"/>
      <line num="133" count="0" type="stmt"/>
      <line num="134" count="0" type="stmt"/>
      <line num="137" count="0" type="stmt"/>
      <line num="138" count="0" type="stmt"/>
      <line num="141" count="0" type="cond" truecount="0" falsecount="2"/>
      <line num="145" count="0" type="stmt"/>
      <line num="148" count="0" type="stmt"/>
      <line num="149" count="0" type="stmt"/>
      <line num="152" count="0" type="stmt"/>
      <line num="153" count="0" type="stmt"/>
      <line num="154" count="0" type="stmt"/>
      <line num="155" count="0" type="stmt"/>
      <line num="160" count="0" type="stmt"/>
      <line num="161" count="0" type="cond" truecount="0" falsecount="7"/>
      <line num="163" count="0" type="stmt"/>
      <line num="169" count="0" type="stmt"/>
      <line num="175" count="0" type="stmt"/>
      <line num="181" count="0" type="stmt"/>
      <line num="187" count="0" type="stmt"/>
      <line num="193" count="0" type="stmt"/>
      <line num="199" count="0" type="stmt"/>
      <line num="207" count="0" type="stmt"/>
      <line num="213" count="0" type="stmt"/>
      <line num="236" count="0" type="cond" truecount="0" falsecount="2"/>
      <line num="249" count="0" type="cond" truecount="0" falsecount="2"/>
      <line num="264" count="0" type="cond" truecount="0" falsecount="2"/>
    </file>
  </project>
</coverage>
