{"/Users/andramataloja/Projects/expense-tracker/client/src/components/AddExpense.jsx": {"path":"/Users/andramataloja/Projects/expense-tracker/client/src/components/AddExpense.jsx","statementMap":{"0":{"start":{"line":32,"column":18},"end":{"line":43,"column":3}},"1":{"start":{"line":32,"column":39},"end":{"line":43,"column":1}},"2":{"start":{"line":45,"column":19},"end":{"line":213,"column":1}},"3":{"start":{"line":46,"column":18},"end":{"line":46,"column":29}},"4":{"start":{"line":47,"column":19},"end":{"line":47,"column":29}},"5":{"start":{"line":48,"column":19},"end":{"line":48,"column":32}},"6":{"start":{"line":49,"column":16},"end":{"line":49,"column":49}},"7":{"start":{"line":49,"column":37},"end":{"line":49,"column":48}},"8":{"start":{"line":50,"column":15},"end":{"line":50,"column":47}},"9":{"start":{"line":50,"column":36},"end":{"line":50,"column":46}},"10":{"start":{"line":51,"column":26},"end":{"line":51,"column":41}},"11":{"start":{"line":52,"column":34},"end":{"line":52,"column":45}},"12":{"start":{"line":53,"column":42},"end":{"line":53,"column":62}},"13":{"start":{"line":54,"column":42},"end":{"line":54,"column":54}},"14":{"start":{"line":55,"column":30},"end":{"line":58,"column":4}},"15":{"start":{"line":60,"column":45},"end":{"line":60,"column":54}},"16":{"start":{"line":62,"column":23},"end":{"line":64,"column":3}},"17":{"start":{"line":62,"column":31},"end":{"line":64,"column":3}},"18":{"start":{"line":63,"column":4},"end":{"line":63,"column":57}},"19":{"start":{"line":66,"column":22},"end":{"line":68,"column":3}},"20":{"start":{"line":67,"column":4},"end":{"line":67,"column":47}},"21":{"start":{"line":70,"column":19},"end":{"line":96,"column":3}},"22":{"start":{"line":71,"column":17},"end":{"line":77,"column":5}},"23":{"start":{"line":78,"column":4},"end":{"line":78,"column":36}},"24":{"start":{"line":79,"column":4},"end":{"line":95,"column":38}},"25":{"start":{"line":82,"column":8},"end":{"line":82,"column":23}},"26":{"start":{"line":83,"column":8},"end":{"line":83,"column":22}},"27":{"start":{"line":84,"column":8},"end":{"line":93,"column":42}},"28":{"start":{"line":89,"column":12},"end":{"line":91,"column":44}},"29":{"start":{"line":93,"column":24},"end":{"line":93,"column":40}},"30":{"start":{"line":95,"column":20},"end":{"line":95,"column":36}},"31":{"start":{"line":98,"column":2},"end":{"line":103,"column":9}},"32":{"start":{"line":99,"column":4},"end":{"line":102,"column":38}},"33":{"start":{"line":101,"column":20},"end":{"line":101,"column":76}},"34":{"start":{"line":102,"column":20},"end":{"line":102,"column":36}},"35":{"start":{"line":105,"column":2},"end":{"line":212,"column":4}},"36":{"start":{"line":110,"column":25},"end":{"line":110,"column":38}},"37":{"start":{"line":118,"column":23},"end":{"line":118,"column":37}},"38":{"start":{"line":172,"column":34},"end":{"line":172,"column":55}},"39":{"start":{"line":183,"column":33},"end":{"line":183,"column":64}},"40":{"start":{"line":188,"column":16},"end":{"line":190,"column":27}},"41":{"start":{"line":198,"column":27},"end":{"line":198,"column":41}}},"fnMap":{"0":{"name":"(anonymous_0)","decl":{"start":{"line":32,"column":29},"end":{"line":32,"column":30}},"loc":{"start":{"line":32,"column":39},"end":{"line":43,"column":1}},"line":32},"1":{"name":"(anonymous_1)","decl":{"start":{"line":45,"column":19},"end":{"line":45,"column":20}},"loc":{"start":{"line":45,"column":28},"end":{"line":213,"column":1}},"line":45},"2":{"name":"(anonymous_2)","decl":{"start":{"line":49,"column":28},"end":{"line":49,"column":29}},"loc":{"start":{"line":49,"column":37},"end":{"line":49,"column":48}},"line":49},"3":{"name":"(anonymous_3)","decl":{"start":{"line":50,"column":27},"end":{"line":50,"column":28}},"loc":{"start":{"line":50,"column":36},"end":{"line":50,"column":46}},"line":50},"4":{"name":"(anonymous_4)","decl":{"start":{"line":62,"column":23},"end":{"line":62,"column":24}},"loc":{"start":{"line":62,"column":31},"end":{"line":64,"column":3}},"line":62},"5":{"name":"(anonymous_5)","decl":{"start":{"line":62,"column":31},"end":{"line":62,"column":32}},"loc":{"start":{"line":62,"column":40},"end":{"line":64,"column":3}},"line":62},"6":{"name":"(anonymous_6)","decl":{"start":{"line":66,"column":22},"end":{"line":66,"column":23}},"loc":{"start":{"line":66,"column":28},"end":{"line":68,"column":3}},"line":66},"7":{"name":"(anonymous_7)","decl":{"start":{"line":70,"column":19},"end":{"line":70,"column":20}},"loc":{"start":{"line":70,"column":28},"end":{"line":96,"column":3}},"line":70},"8":{"name":"(anonymous_8)","decl":{"start":{"line":81,"column":12},"end":{"line":81,"column":13}},"loc":{"start":{"line":81,"column":18},"end":{"line":94,"column":7}},"line":81},"9":{"name":"(anonymous_9)","decl":{"start":{"line":88,"column":16},"end":{"line":88,"column":17}},"loc":{"start":{"line":88,"column":23},"end":{"line":92,"column":11}},"line":88},"10":{"name":"(anonymous_10)","decl":{"start":{"line":93,"column":17},"end":{"line":93,"column":18}},"loc":{"start":{"line":93,"column":24},"end":{"line":93,"column":40}},"line":93},"11":{"name":"(anonymous_11)","decl":{"start":{"line":95,"column":13},"end":{"line":95,"column":14}},"loc":{"start":{"line":95,"column":20},"end":{"line":95,"column":36}},"line":95},"12":{"name":"(anonymous_12)","decl":{"start":{"line":98,"column":12},"end":{"line":98,"column":13}},"loc":{"start":{"line":98,"column":18},"end":{"line":103,"column":3}},"line":98},"13":{"name":"(anonymous_13)","decl":{"start":{"line":101,"column":12},"end":{"line":101,"column":13}},"loc":{"start":{"line":101,"column":20},"end":{"line":101,"column":76}},"line":101},"14":{"name":"(anonymous_14)","decl":{"start":{"line":102,"column":13},"end":{"line":102,"column":14}},"loc":{"start":{"line":102,"column":20},"end":{"line":102,"column":36}},"line":102},"15":{"name":"(anonymous_15)","decl":{"start":{"line":110,"column":19},"end":{"line":110,"column":20}},"loc":{"start":{"line":110,"column":25},"end":{"line":110,"column":38}},"line":110},"16":{"name":"(anonymous_16)","decl":{"start":{"line":118,"column":17},"end":{"line":118,"column":18}},"loc":{"start":{"line":118,"column":23},"end":{"line":118,"column":37}},"line":118},"17":{"name":"(anonymous_17)","decl":{"start":{"line":172,"column":26},"end":{"line":172,"column":27}},"loc":{"start":{"line":172,"column":34},"end":{"line":172,"column":55}},"line":172},"18":{"name":"(anonymous_18)","decl":{"start":{"line":183,"column":24},"end":{"line":183,"column":25}},"loc":{"start":{"line":183,"column":33},"end":{"line":183,"column":64}},"line":183},"19":{"name":"(anonymous_19)","decl":{"start":{"line":187,"column":32},"end":{"line":187,"column":33}},"loc":{"start":{"line":188,"column":16},"end":{"line":190,"column":27}},"line":188},"20":{"name":"(anonymous_20)","decl":{"start":{"line":198,"column":21},"end":{"line":198,"column":22}},"loc":{"start":{"line":198,"column":27},"end":{"line":198,"column":41}},"line":198}},"branchMap":{"0":{"loc":{"start":{"line":89,"column":12},"end":{"line":91,"column":43}},"type":"cond-expr","locations":[{"start":{"line":90,"column":16},"end":{"line":90,"column":49}},{"start":{"line":91,"column":16},"end":{"line":91,"column":43}}],"line":89},"1":{"loc":{"start":{"line":101,"column":20},"end":{"line":101,"column":76}},"type":"cond-expr","locations":[{"start":{"line":101,"column":44},"end":{"line":101,"column":69}},{"start":{"line":101,"column":72},"end":{"line":101,"column":76}}],"line":101},"2":{"loc":{"start":{"line":137,"column":17},"end":{"line":137,"column":64}},"type":"binary-expr","locations":[{"start":{"line":137,"column":17},"end":{"line":137,"column":35}},{"start":{"line":137,"column":39},"end":{"line":137,"column":64}}],"line":137},"3":{"loc":{"start":{"line":158,"column":17},"end":{"line":158,"column":54}},"type":"binary-expr","locations":[{"start":{"line":158,"column":17},"end":{"line":158,"column":30}},{"start":{"line":158,"column":34},"end":{"line":158,"column":54}}],"line":158}},"s":{"0":2,"1":6,"2":2,"3":18,"4":18,"5":16,"6":16,"7":21,"8":16,"9":21,"10":16,"11":16,"12":16,"13":16,"14":16,"15":16,"16":16,"17":32,"18":0,"19":16,"20":0,"21":16,"22":0,"23":0,"24":0,"25":0,"26":0,"27":0,"28":0,"29":0,"30":0,"31":16,"32":5,"33":5,"34":5,"35":16,"36":1,"37":0,"38":0,"39":0,"40":0,"41":0},"f":{"0":6,"1":18,"2":21,"3":21,"4":32,"5":0,"6":0,"7":0,"8":0,"9":0,"10":0,"11":0,"12":5,"13":5,"14":5,"15":1,"16":0,"17":0,"18":0,"19":0,"20":0},"b":{"0":[0,0],"1":[5,0],"2":[16,0],"3":[16,0]},"_coverageSchema":"43e27e138ebf9cfc5966b082cf9a028302ed4184","hash":"dc8af87f307e14383c93cb298ef09f658e9ae165"}
,"/Users/andramataloja/Projects/expense-tracker/client/src/components/DateCarousel.jsx": {"path":"/Users/andramataloja/Projects/expense-tracker/client/src/components/DateCarousel.jsx","statementMap":{"0":{"start":{"line":11,"column":18},"end":{"line":25,"column":3}},"1":{"start":{"line":11,"column":39},"end":{"line":25,"column":1}},"2":{"start":{"line":27,"column":21},"end":{"line":97,"column":1}},"3":{"start":{"line":28,"column":18},"end":{"line":28,"column":29}},"4":{"start":{"line":29,"column":19},"end":{"line":29,"column":32}},"5":{"start":{"line":30,"column":21},"end":{"line":30,"column":54}},"6":{"start":{"line":30,"column":42},"end":{"line":30,"column":53}},"7":{"start":{"line":31,"column":20},"end":{"line":31,"column":52}},"8":{"start":{"line":31,"column":41},"end":{"line":31,"column":51}},"9":{"start":{"line":33,"column":30},"end":{"line":33,"column":42}},"10":{"start":{"line":34,"column":28},"end":{"line":34,"column":40}},"11":{"start":{"line":36,"column":2},"end":{"line":41,"column":9}},"12":{"start":{"line":37,"column":4},"end":{"line":40,"column":38}},"13":{"start":{"line":39,"column":20},"end":{"line":39,"column":70}},"14":{"start":{"line":40,"column":20},"end":{"line":40,"column":36}},"15":{"start":{"line":43,"column":2},"end":{"line":52,"column":18}},"16":{"start":{"line":44,"column":19},"end":{"line":44,"column":47}},"17":{"start":{"line":45,"column":20},"end":{"line":45,"column":22}},"18":{"start":{"line":47,"column":18},"end":{"line":47,"column":20}},"19":{"start":{"line":48,"column":4},"end":{"line":50,"column":5}},"20":{"start":{"line":48,"column":17},"end":{"line":48,"column":18}},"21":{"start":{"line":49,"column":6},"end":{"line":49,"column":31}},"22":{"start":{"line":51,"column":4},"end":{"line":51,"column":20}},"23":{"start":{"line":54,"column":2},"end":{"line":96,"column":4}},"24":{"start":{"line":70,"column":27},"end":{"line":70,"column":60}},"25":{"start":{"line":72,"column":10},"end":{"line":72,"column":39}},"26":{"start":{"line":90,"column":27},"end":{"line":90,"column":54}},"27":{"start":{"line":92,"column":10},"end":{"line":92,"column":55}}},"fnMap":{"0":{"name":"(anonymous_0)","decl":{"start":{"line":11,"column":29},"end":{"line":11,"column":30}},"loc":{"start":{"line":11,"column":39},"end":{"line":25,"column":1}},"line":11},"1":{"name":"(anonymous_1)","decl":{"start":{"line":27,"column":21},"end":{"line":27,"column":22}},"loc":{"start":{"line":27,"column":27},"end":{"line":97,"column":1}},"line":27},"2":{"name":"(anonymous_2)","decl":{"start":{"line":30,"column":33},"end":{"line":30,"column":34}},"loc":{"start":{"line":30,"column":42},"end":{"line":30,"column":53}},"line":30},"3":{"name":"(anonymous_3)","decl":{"start":{"line":31,"column":32},"end":{"line":31,"column":33}},"loc":{"start":{"line":31,"column":41},"end":{"line":31,"column":51}},"line":31},"4":{"name":"(anonymous_4)","decl":{"start":{"line":36,"column":12},"end":{"line":36,"column":13}},"loc":{"start":{"line":36,"column":18},"end":{"line":41,"column":3}},"line":36},"5":{"name":"(anonymous_5)","decl":{"start":{"line":39,"column":12},"end":{"line":39,"column":13}},"loc":{"start":{"line":39,"column":20},"end":{"line":39,"column":70}},"line":39},"6":{"name":"(anonymous_6)","decl":{"start":{"line":40,"column":13},"end":{"line":40,"column":14}},"loc":{"start":{"line":40,"column":20},"end":{"line":40,"column":36}},"line":40},"7":{"name":"(anonymous_7)","decl":{"start":{"line":43,"column":12},"end":{"line":43,"column":13}},"loc":{"start":{"line":43,"column":18},"end":{"line":52,"column":3}},"line":43},"8":{"name":"(anonymous_8)","decl":{"start":{"line":70,"column":18},"end":{"line":70,"column":19}},"loc":{"start":{"line":70,"column":27},"end":{"line":70,"column":60}},"line":70},"9":{"name":"(anonymous_9)","decl":{"start":{"line":71,"column":26},"end":{"line":71,"column":27}},"loc":{"start":{"line":72,"column":10},"end":{"line":72,"column":39}},"line":72},"10":{"name":"(anonymous_10)","decl":{"start":{"line":90,"column":18},"end":{"line":90,"column":19}},"loc":{"start":{"line":90,"column":27},"end":{"line":90,"column":54}},"line":90},"11":{"name":"(anonymous_11)","decl":{"start":{"line":91,"column":27},"end":{"line":91,"column":28}},"loc":{"start":{"line":92,"column":10},"end":{"line":92,"column":55}},"line":92}},"branchMap":{"0":{"loc":{"start":{"line":39,"column":20},"end":{"line":39,"column":70}},"type":"cond-expr","locations":[{"start":{"line":39,"column":44},"end":{"line":39,"column":63}},{"start":{"line":39,"column":66},"end":{"line":39,"column":70}}],"line":39}},"s":{"0":2,"1":2,"2":2,"3":10,"4":10,"5":10,"6":12,"7":10,"8":12,"9":10,"10":10,"11":10,"12":2,"13":2,"14":2,"15":10,"16":2,"17":2,"18":2,"19":2,"20":2,"21":22,"22":2,"23":10,"24":0,"25":66,"26":0,"27":0},"f":{"0":2,"1":10,"2":12,"3":12,"4":2,"5":2,"6":2,"7":2,"8":0,"9":66,"10":0,"11":0},"b":{"0":[2,0]},"_coverageSchema":"43e27e138ebf9cfc5966b082cf9a028302ed4184","hash":"30d42cfc1e286ee91c1b81ee096716498e65236c"}
,"/Users/andramataloja/Projects/expense-tracker/client/src/components/ExpensesExpansion.jsx": {"path":"/Users/andramataloja/Projects/expense-tracker/client/src/components/ExpensesExpansion.jsx","statementMap":{"0":{"start":{"line":34,"column":18},"end":{"line":90,"column":3}},"1":{"start":{"line":34,"column":39},"end":{"line":90,"column":1}},"2":{"start":{"line":92,"column":26},"end":{"line":313,"column":1}},"3":{"start":{"line":93,"column":19},"end":{"line":93,"column":32}},"4":{"start":{"line":94,"column":16},"end":{"line":94,"column":49}},"5":{"start":{"line":94,"column":37},"end":{"line":94,"column":48}},"6":{"start":{"line":95,"column":15},"end":{"line":95,"column":47}},"7":{"start":{"line":95,"column":36},"end":{"line":95,"column":46}},"8":{"start":{"line":96,"column":23},"end":{"line":96,"column":63}},"9":{"start":{"line":96,"column":44},"end":{"line":96,"column":62}},"10":{"start":{"line":97,"column":19},"end":{"line":97,"column":55}},"11":{"start":{"line":97,"column":40},"end":{"line":97,"column":54}},"12":{"start":{"line":98,"column":23},"end":{"line":98,"column":56}},"13":{"start":{"line":98,"column":44},"end":{"line":98,"column":55}},"14":{"start":{"line":99,"column":19},"end":{"line":99,"column":29}},"15":{"start":{"line":100,"column":42},"end":{"line":100,"column":54}},"16":{"start":{"line":101,"column":42},"end":{"line":101,"column":54}},"17":{"start":{"line":103,"column":18},"end":{"line":103,"column":29}},"18":{"start":{"line":105,"column":23},"end":{"line":113,"column":3}},"19":{"start":{"line":105,"column":32},"end":{"line":113,"column":3}},"20":{"start":{"line":106,"column":20},"end":{"line":110,"column":5}},"21":{"start":{"line":108,"column":8},"end":{"line":108,"column":60}},"22":{"start":{"line":111,"column":4},"end":{"line":111,"column":56}},"23":{"start":{"line":112,"column":4},"end":{"line":112,"column":31}},"24":{"start":{"line":115,"column":31},"end":{"line":121,"column":3}},"25":{"start":{"line":116,"column":15},"end":{"line":116,"column":17}},"26":{"start":{"line":117,"column":4},"end":{"line":119,"column":5}},"27":{"start":{"line":118,"column":6},"end":{"line":118,"column":26}},"28":{"start":{"line":120,"column":4},"end":{"line":120,"column":16}},"29":{"start":{"line":123,"column":2},"end":{"line":135,"column":32}},"30":{"start":{"line":124,"column":4},"end":{"line":133,"column":38}},"31":{"start":{"line":129,"column":8},"end":{"line":131,"column":40}},"32":{"start":{"line":133,"column":20},"end":{"line":133,"column":36}},"33":{"start":{"line":134,"column":4},"end":{"line":134,"column":38}},"34":{"start":{"line":137,"column":2},"end":{"line":146,"column":17}},"35":{"start":{"line":138,"column":4},"end":{"line":145,"column":38}},"36":{"start":{"line":141,"column":8},"end":{"line":143,"column":32}},"37":{"start":{"line":145,"column":20},"end":{"line":145,"column":36}},"38":{"start":{"line":148,"column":2},"end":{"line":150,"column":21}},"39":{"start":{"line":149,"column":4},"end":{"line":149,"column":44}},"40":{"start":{"line":152,"column":27},"end":{"line":158,"column":3}},"41":{"start":{"line":153,"column":4},"end":{"line":157,"column":7}},"42":{"start":{"line":154,"column":6},"end":{"line":156,"column":8}},"43":{"start":{"line":155,"column":19},"end":{"line":155,"column":63}},"44":{"start":{"line":160,"column":26},"end":{"line":205,"column":3}},"45":{"start":{"line":161,"column":4},"end":{"line":204,"column":5}},"46":{"start":{"line":163,"column":8},"end":{"line":167,"column":10}},"47":{"start":{"line":169,"column":8},"end":{"line":173,"column":10}},"48":{"start":{"line":175,"column":8},"end":{"line":179,"column":10}},"49":{"start":{"line":181,"column":8},"end":{"line":185,"column":10}},"50":{"start":{"line":187,"column":8},"end":{"line":191,"column":10}},"51":{"start":{"line":193,"column":8},"end":{"line":197,"column":10}},"52":{"start":{"line":199,"column":8},"end":{"line":203,"column":10}},"53":{"start":{"line":207,"column":2},"end":{"line":312,"column":4}},"54":{"start":{"line":213,"column":14},"end":{"line":306,"column":31}},"55":{"start":{"line":236,"column":26},"end":{"line":244,"column":27}},"56":{"start":{"line":249,"column":24},"end":{"line":256,"column":25}},"57":{"start":{"line":264,"column":24},"end":{"line":302,"column":25}}},"fnMap":{"0":{"name":"(anonymous_0)","decl":{"start":{"line":34,"column":29},"end":{"line":34,"column":30}},"loc":{"start":{"line":34,"column":39},"end":{"line":90,"column":1}},"line":34},"1":{"name":"(anonymous_1)","decl":{"start":{"line":92,"column":26},"end":{"line":92,"column":27}},"loc":{"start":{"line":92,"column":32},"end":{"line":313,"column":1}},"line":92},"2":{"name":"(anonymous_2)","decl":{"start":{"line":94,"column":28},"end":{"line":94,"column":29}},"loc":{"start":{"line":94,"column":37},"end":{"line":94,"column":48}},"line":94},"3":{"name":"(anonymous_3)","decl":{"start":{"line":95,"column":27},"end":{"line":95,"column":28}},"loc":{"start":{"line":95,"column":36},"end":{"line":95,"column":46}},"line":95},"4":{"name":"(anonymous_4)","decl":{"start":{"line":96,"column":35},"end":{"line":96,"column":36}},"loc":{"start":{"line":96,"column":44},"end":{"line":96,"column":62}},"line":96},"5":{"name":"(anonymous_5)","decl":{"start":{"line":97,"column":31},"end":{"line":97,"column":32}},"loc":{"start":{"line":97,"column":40},"end":{"line":97,"column":54}},"line":97},"6":{"name":"(anonymous_6)","decl":{"start":{"line":98,"column":35},"end":{"line":98,"column":36}},"loc":{"start":{"line":98,"column":44},"end":{"line":98,"column":55}},"line":98},"7":{"name":"(anonymous_7)","decl":{"start":{"line":105,"column":23},"end":{"line":105,"column":24}},"loc":{"start":{"line":105,"column":32},"end":{"line":113,"column":3}},"line":105},"8":{"name":"(anonymous_8)","decl":{"start":{"line":105,"column":32},"end":{"line":105,"column":33}},"loc":{"start":{"line":105,"column":56},"end":{"line":113,"column":3}},"line":105},"9":{"name":"(anonymous_9)","decl":{"start":{"line":107,"column":39},"end":{"line":107,"column":40}},"loc":{"start":{"line":107,"column":57},"end":{"line":109,"column":7}},"line":107},"10":{"name":"(anonymous_10)","decl":{"start":{"line":115,"column":31},"end":{"line":115,"column":32}},"loc":{"start":{"line":115,"column":37},"end":{"line":121,"column":3}},"line":115},"11":{"name":"(anonymous_11)","decl":{"start":{"line":123,"column":12},"end":{"line":123,"column":13}},"loc":{"start":{"line":123,"column":18},"end":{"line":135,"column":3}},"line":123},"12":{"name":"(anonymous_12)","decl":{"start":{"line":128,"column":12},"end":{"line":128,"column":13}},"loc":{"start":{"line":128,"column":19},"end":{"line":132,"column":7}},"line":128},"13":{"name":"(anonymous_13)","decl":{"start":{"line":133,"column":13},"end":{"line":133,"column":14}},"loc":{"start":{"line":133,"column":20},"end":{"line":133,"column":36}},"line":133},"14":{"name":"(anonymous_14)","decl":{"start":{"line":137,"column":12},"end":{"line":137,"column":13}},"loc":{"start":{"line":137,"column":18},"end":{"line":146,"column":3}},"line":137},"15":{"name":"(anonymous_15)","decl":{"start":{"line":140,"column":12},"end":{"line":140,"column":13}},"loc":{"start":{"line":140,"column":19},"end":{"line":144,"column":7}},"line":140},"16":{"name":"(anonymous_16)","decl":{"start":{"line":145,"column":13},"end":{"line":145,"column":14}},"loc":{"start":{"line":145,"column":20},"end":{"line":145,"column":36}},"line":145},"17":{"name":"(anonymous_17)","decl":{"start":{"line":148,"column":12},"end":{"line":148,"column":13}},"loc":{"start":{"line":148,"column":18},"end":{"line":150,"column":3}},"line":148},"18":{"name":"(anonymous_18)","decl":{"start":{"line":152,"column":27},"end":{"line":152,"column":28}},"loc":{"start":{"line":152,"column":41},"end":{"line":158,"column":3}},"line":152},"19":{"name":"(anonymous_19)","decl":{"start":{"line":153,"column":29},"end":{"line":153,"column":30}},"loc":{"start":{"line":153,"column":41},"end":{"line":157,"column":5}},"line":153},"20":{"name":"(anonymous_20)","decl":{"start":{"line":155,"column":8},"end":{"line":155,"column":9}},"loc":{"start":{"line":155,"column":19},"end":{"line":155,"column":63}},"line":155},"21":{"name":"(anonymous_21)","decl":{"start":{"line":160,"column":26},"end":{"line":160,"column":27}},"loc":{"start":{"line":160,"column":34},"end":{"line":205,"column":3}},"line":160},"22":{"name":"(anonymous_22)","decl":{"start":{"line":212,"column":30},"end":{"line":212,"column":31}},"loc":{"start":{"line":213,"column":14},"end":{"line":306,"column":31}},"line":213},"23":{"name":"(anonymous_23)","decl":{"start":{"line":235,"column":24},"end":{"line":235,"column":25}},"loc":{"start":{"line":236,"column":26},"end":{"line":244,"column":27}},"line":236},"24":{"name":"(anonymous_24)","decl":{"start":{"line":248,"column":22},"end":{"line":248,"column":23}},"loc":{"start":{"line":249,"column":24},"end":{"line":256,"column":25}},"line":249},"25":{"name":"(anonymous_25)","decl":{"start":{"line":263,"column":22},"end":{"line":263,"column":23}},"loc":{"start":{"line":264,"column":24},"end":{"line":302,"column":25}},"line":264}},"branchMap":{"0":{"loc":{"start":{"line":108,"column":15},"end":{"line":108,"column":59}},"type":"cond-expr","locations":[{"start":{"line":108,"column":31},"end":{"line":108,"column":44}},{"start":{"line":108,"column":47},"end":{"line":108,"column":59}}],"line":108},"1":{"loc":{"start":{"line":111,"column":29},"end":{"line":111,"column":53}},"type":"cond-expr","locations":[{"start":{"line":111,"column":43},"end":{"line":111,"column":48}},{"start":{"line":111,"column":51},"end":{"line":111,"column":53}}],"line":111},"2":{"loc":{"start":{"line":129,"column":8},"end":{"line":131,"column":39}},"type":"cond-expr","locations":[{"start":{"line":130,"column":12},"end":{"line":130,"column":45}},{"start":{"line":131,"column":12},"end":{"line":131,"column":39}}],"line":129},"3":{"loc":{"start":{"line":141,"column":15},"end":{"line":143,"column":31}},"type":"cond-expr","locations":[{"start":{"line":142,"column":12},"end":{"line":142,"column":55}},{"start":{"line":143,"column":12},"end":{"line":143,"column":31}}],"line":141},"4":{"loc":{"start":{"line":161,"column":4},"end":{"line":204,"column":5}},"type":"switch","locations":[{"start":{"line":162,"column":6},"end":{"line":167,"column":10}},{"start":{"line":168,"column":6},"end":{"line":173,"column":10}},{"start":{"line":174,"column":6},"end":{"line":179,"column":10}},{"start":{"line":180,"column":6},"end":{"line":185,"column":10}},{"start":{"line":186,"column":6},"end":{"line":191,"column":10}},{"start":{"line":192,"column":6},"end":{"line":197,"column":10}},{"start":{"line":198,"column":6},"end":{"line":203,"column":10}}],"line":161},"5":{"loc":{"start":{"line":210,"column":9},"end":{"line":309,"column":9}},"type":"binary-expr","locations":[{"start":{"line":210,"column":9},"end":{"line":210,"column":32}},{"start":{"line":211,"column":10},"end":{"line":308,"column":16}}],"line":210},"6":{"loc":{"start":{"line":218,"column":18},"end":{"line":219,"column":80}},"type":"binary-expr","locations":[{"start":{"line":218,"column":18},"end":{"line":218,"column":74}},{"start":{"line":219,"column":18},"end":{"line":219,"column":80}}],"line":218},"7":{"loc":{"start":{"line":236,"column":26},"end":{"line":244,"column":27}},"type":"binary-expr","locations":[{"start":{"line":236,"column":26},"end":{"line":236,"column":73}},{"start":{"line":237,"column":28},"end":{"line":243,"column":41}}],"line":236},"8":{"loc":{"start":{"line":249,"column":24},"end":{"line":256,"column":25}},"type":"binary-expr","locations":[{"start":{"line":249,"column":24},"end":{"line":249,"column":71}},{"start":{"line":250,"column":26},"end":{"line":255,"column":28}}],"line":249},"9":{"loc":{"start":{"line":264,"column":24},"end":{"line":302,"column":25}},"type":"binary-expr","locations":[{"start":{"line":264,"column":24},"end":{"line":264,"column":66}},{"start":{"line":265,"column":26},"end":{"line":301,"column":37}}],"line":264}},"s":{"0":1,"1":0,"2":1,"3":2,"4":2,"5":2,"6":2,"7":2,"8":2,"9":2,"10":2,"11":2,"12":2,"13":2,"14":2,"15":0,"16":0,"17":0,"18":0,"19":0,"20":0,"21":0,"22":0,"23":0,"24":0,"25":0,"26":0,"27":0,"28":0,"29":0,"30":0,"31":0,"32":0,"33":0,"34":0,"35":0,"36":0,"37":0,"38":0,"39":0,"40":0,"41":0,"42":0,"43":0,"44":0,"45":0,"46":0,"47":0,"48":0,"49":0,"50":0,"51":0,"52":0,"53":0,"54":0,"55":0,"56":0,"57":0},"f":{"0":0,"1":2,"2":2,"3":2,"4":2,"5":2,"6":2,"7":0,"8":0,"9":0,"10":0,"11":0,"12":0,"13":0,"14":0,"15":0,"16":0,"17":0,"18":0,"19":0,"20":0,"21":0,"22":0,"23":0,"24":0,"25":0},"b":{"0":[0,0],"1":[0,0],"2":[0,0],"3":[0,0],"4":[0,0,0,0,0,0,0],"5":[0,0],"6":[0,0],"7":[0,0],"8":[0,0],"9":[0,0]},"_coverageSchema":"43e27e138ebf9cfc5966b082cf9a028302ed4184","hash":"82e09b8f2483df2ba455fdb965d1b13c5925657a"}
}
