TN:
SF:/Users/andramataloja/Projects/expense-tracker/client/src/components/AddExpense.jsx
FN:32,(anonymous_0)
FN:45,(anonymous_1)
FN:49,(anonymous_2)
FN:50,(anonymous_3)
FN:62,(anonymous_4)
FN:62,(anonymous_5)
FN:66,(anonymous_6)
FN:70,(anonymous_7)
FN:81,(anonymous_8)
FN:88,(anonymous_9)
FN:93,(anonymous_10)
FN:95,(anonymous_11)
FN:98,(anonymous_12)
FN:101,(anonymous_13)
FN:102,(anonymous_14)
FN:110,(anonymous_15)
FN:118,(anonymous_16)
FN:172,(anonymous_17)
FN:183,(anonymous_18)
FN:187,(anonymous_19)
FN:198,(anonymous_20)
FNF:21
FNH:9
FNDA:6,(anonymous_0)
FNDA:18,(anonymous_1)
FNDA:21,(anonymous_2)
FNDA:21,(anonymous_3)
FNDA:32,(anonymous_4)
FNDA:0,(anonymous_5)
FNDA:0,(anonymous_6)
FNDA:0,(anonymous_7)
FNDA:0,(anonymous_8)
FNDA:0,(anonymous_9)
FNDA:0,(anonymous_10)
FNDA:0,(anonymous_11)
FNDA:5,(anonymous_12)
FNDA:5,(anonymous_13)
FNDA:5,(anonymous_14)
FNDA:1,(anonymous_15)
FNDA:0,(anonymous_16)
FNDA:0,(anonymous_17)
FNDA:0,(anonymous_18)
FNDA:0,(anonymous_19)
FNDA:0,(anonymous_20)
DA:32,6
DA:45,2
DA:46,18
DA:47,18
DA:48,16
DA:49,21
DA:50,21
DA:51,16
DA:52,16
DA:53,16
DA:54,16
DA:55,16
DA:60,16
DA:62,32
DA:63,0
DA:66,16
DA:67,0
DA:70,16
DA:71,0
DA:78,0
DA:79,0
DA:82,0
DA:83,0
DA:84,0
DA:89,0
DA:93,0
DA:95,0
DA:98,16
DA:99,5
DA:101,5
DA:102,5
DA:105,16
DA:110,1
DA:118,0
DA:172,0
DA:183,0
DA:188,0
DA:198,0
LF:38
LH:22
BRDA:89,0,0,0
BRDA:89,0,1,0
BRDA:101,1,0,5
BRDA:101,1,1,0
BRDA:137,2,0,16
BRDA:137,2,1,0
BRDA:158,3,0,16
BRDA:158,3,1,0
BRF:8
BRH:3
end_of_record
TN:
SF:/Users/andramataloja/Projects/expense-tracker/client/src/components/DateCarousel.jsx
FN:11,(anonymous_0)
FN:27,(anonymous_1)
FN:30,(anonymous_2)
FN:31,(anonymous_3)
FN:36,(anonymous_4)
FN:39,(anonymous_5)
FN:40,(anonymous_6)
FN:43,(anonymous_7)
FN:70,(anonymous_8)
FN:71,(anonymous_9)
FN:90,(anonymous_10)
FN:91,(anonymous_11)
FNF:12
FNH:9
FNDA:2,(anonymous_0)
FNDA:10,(anonymous_1)
FNDA:12,(anonymous_2)
FNDA:12,(anonymous_3)
FNDA:2,(anonymous_4)
FNDA:2,(anonymous_5)
FNDA:2,(anonymous_6)
FNDA:2,(anonymous_7)
FNDA:0,(anonymous_8)
FNDA:66,(anonymous_9)
FNDA:0,(anonymous_10)
FNDA:0,(anonymous_11)
DA:11,2
DA:27,2
DA:28,10
DA:29,10
DA:30,12
DA:31,12
DA:33,10
DA:34,10
DA:36,10
DA:37,2
DA:39,2
DA:40,2
DA:43,10
DA:44,2
DA:45,2
DA:47,2
DA:48,2
DA:49,22
DA:51,2
DA:54,10
DA:70,0
DA:72,66
DA:90,0
DA:92,0
LF:24
LH:21
BRDA:39,0,0,2
BRDA:39,0,1,0
BRF:2
BRH:1
end_of_record
TN:
SF:/Users/andramataloja/Projects/expense-tracker/client/src/components/ExpensesExpansion.jsx
FN:34,(anonymous_0)
FN:92,(anonymous_1)
FN:94,(anonymous_2)
FN:95,(anonymous_3)
FN:96,(anonymous_4)
FN:97,(anonymous_5)
FN:98,(anonymous_6)
FN:105,(anonymous_7)
FN:105,(anonymous_8)
FN:107,(anonymous_9)
FN:115,(anonymous_10)
FN:123,(anonymous_11)
FN:128,(anonymous_12)
FN:133,(anonymous_13)
FN:137,(anonymous_14)
FN:140,(anonymous_15)
FN:145,(anonymous_16)
FN:148,(anonymous_17)
FN:152,(anonymous_18)
FN:153,(anonymous_19)
FN:155,(anonymous_20)
FN:160,(anonymous_21)
FN:212,(anonymous_22)
FN:235,(anonymous_23)
FN:248,(anonymous_24)
FN:263,(anonymous_25)
FNF:26
FNH:6
FNDA:0,(anonymous_0)
FNDA:2,(anonymous_1)
FNDA:2,(anonymous_2)
FNDA:2,(anonymous_3)
FNDA:2,(anonymous_4)
FNDA:2,(anonymous_5)
FNDA:2,(anonymous_6)
FNDA:0,(anonymous_7)
FNDA:0,(anonymous_8)
FNDA:0,(anonymous_9)
FNDA:0,(anonymous_10)
FNDA:0,(anonymous_11)
FNDA:0,(anonymous_12)
FNDA:0,(anonymous_13)
FNDA:0,(anonymous_14)
FNDA:0,(anonymous_15)
FNDA:0,(anonymous_16)
FNDA:0,(anonymous_17)
FNDA:0,(anonymous_18)
FNDA:0,(anonymous_19)
FNDA:0,(anonymous_20)
FNDA:0,(anonymous_21)
FNDA:0,(anonymous_22)
FNDA:0,(anonymous_23)
FNDA:0,(anonymous_24)
FNDA:0,(anonymous_25)
DA:34,1
DA:92,1
DA:93,2
DA:94,2
DA:95,2
DA:96,2
DA:97,2
DA:98,2
DA:99,2
DA:100,0
DA:101,0
DA:103,0
DA:105,0
DA:106,0
DA:108,0
DA:111,0
DA:112,0
DA:115,0
DA:116,0
DA:117,0
DA:118,0
DA:120,0
DA:123,0
DA:124,0
DA:129,0
DA:133,0
DA:134,0
DA:137,0
DA:138,0
DA:141,0
DA:145,0
DA:148,0
DA:149,0
DA:152,0
DA:153,0
DA:154,0
DA:155,0
DA:160,0
DA:161,0
DA:163,0
DA:169,0
DA:175,0
DA:181,0
DA:187,0
DA:193,0
DA:199,0
DA:207,0
DA:213,0
DA:236,0
DA:249,0
DA:264,0
LF:51
LH:9
BRDA:108,0,0,0
BRDA:108,0,1,0
BRDA:111,1,0,0
BRDA:111,1,1,0
BRDA:129,2,0,0
BRDA:129,2,1,0
BRDA:141,3,0,0
BRDA:141,3,1,0
BRDA:161,4,0,0
BRDA:161,4,1,0
BRDA:161,4,2,0
BRDA:161,4,3,0
BRDA:161,4,4,0
BRDA:161,4,5,0
BRDA:161,4,6,0
BRDA:210,5,0,0
BRDA:210,5,1,0
BRDA:218,6,0,0
BRDA:218,6,1,0
BRDA:236,7,0,0
BRDA:236,7,1,0
BRDA:249,8,0,0
BRDA:249,8,1,0
BRDA:264,9,0,0
BRDA:264,9,1,0
BRF:25
BRH:0
end_of_record
